2024-05-19 14:30:58,378 - INFO - root - Hello! This is Joey-NMT (version 2.2.0).
2024-05-19 14:30:58,454 - INFO - joeynmt.model - Building an encoder-decoder model...
2024-05-19 14:30:58,622 - INFO - joeynmt.model - Enc-dec model built.
2024-05-19 14:30:58,784 - INFO - joeynmt.helpers - Load model from /mnt/c/Users/Yuliia/Desktop/Y3S6/machine_translation/mt-2024-ex05/mt-exercise-5/models/transformer_word/best.ckpt.
2024-05-19 14:30:58,806 - INFO - joeynmt.tokenizers - nl tokenizer: BasicTokenizer(level=word, lowercase=False, normalize=False, filter_by_length=(-1, -1), pretokenizer=none)
2024-05-19 14:30:58,807 - INFO - joeynmt.tokenizers - en tokenizer: BasicTokenizer(level=word, lowercase=False, normalize=False, filter_by_length=(-1, -1), pretokenizer=none)
2024-05-19 14:30:58,817 - WARNING - joeynmt.helpers - `alpha` option is obsolete. Please use `beam_alpha`, instead.
2024-05-19 14:30:58,818 - INFO - joeynmt.prediction - Predicting 1777 example(s)... (Beam search with beam_size=5, beam_alpha=1.0, n_best=1, min_output_length=1, max_output_length=-1, return_prob='none', generate_unk=True, repetition_penalty=-1, no_repeat_ngram_size=-1)
2024-05-19 14:33:09,206 - INFO - joeynmt.prediction - Generation took 130.3634[sec]. (No references given)
2024-05-19 14:41:01,905 - INFO - root - Hello! This is Joey-NMT (version 2.2.0).
2024-05-19 14:41:02,035 - INFO - joeynmt.model - Building an encoder-decoder model...
2024-05-19 14:41:02,300 - INFO - joeynmt.model - Enc-dec model built.
2024-05-19 14:41:02,508 - INFO - joeynmt.helpers - Load model from /mnt/c/Users/Yuliia/Desktop/Y3S6/machine_translation/mt-2024-ex05/mt-exercise-5/models/transformer_word/best.ckpt.
2024-05-19 14:41:02,529 - INFO - joeynmt.tokenizers - nl tokenizer: BasicTokenizer(level=word, lowercase=False, normalize=False, filter_by_length=(-1, -1), pretokenizer=none)
2024-05-19 14:41:02,529 - INFO - joeynmt.tokenizers - en tokenizer: BasicTokenizer(level=word, lowercase=False, normalize=False, filter_by_length=(-1, -1), pretokenizer=none)
2024-05-19 14:41:02,548 - WARNING - joeynmt.helpers - `alpha` option is obsolete. Please use `beam_alpha`, instead.
2024-05-19 14:41:02,549 - INFO - joeynmt.prediction - Predicting 1777 example(s)... (Beam search with beam_size=5, beam_alpha=1.0, n_best=1, min_output_length=1, max_output_length=-1, return_prob='none', generate_unk=True, repetition_penalty=-1, no_repeat_ngram_size=-1)
2024-05-19 14:43:14,094 - INFO - joeynmt.prediction - Generation took 131.5174[sec]. (No references given)
2024-05-19 14:44:09,673 - INFO - root - Hello! This is Joey-NMT (version 2.2.0).
2024-05-19 14:44:09,756 - INFO - joeynmt.model - Building an encoder-decoder model...
2024-05-19 14:44:09,952 - INFO - joeynmt.model - Enc-dec model built.
2024-05-19 14:44:10,108 - INFO - joeynmt.helpers - Load model from /mnt/c/Users/Yuliia/Desktop/Y3S6/machine_translation/mt-2024-ex05/mt-exercise-5/models/transformer_word/best.ckpt.
2024-05-19 14:44:10,131 - INFO - joeynmt.tokenizers - nl tokenizer: BasicTokenizer(level=word, lowercase=False, normalize=False, filter_by_length=(-1, -1), pretokenizer=none)
2024-05-19 14:44:10,131 - INFO - joeynmt.tokenizers - en tokenizer: BasicTokenizer(level=word, lowercase=False, normalize=False, filter_by_length=(-1, -1), pretokenizer=none)
2024-05-19 14:44:10,145 - WARNING - joeynmt.helpers - `alpha` option is obsolete. Please use `beam_alpha`, instead.
2024-05-19 14:44:10,146 - INFO - joeynmt.prediction - Predicting 1777 example(s)... (Beam search with beam_size=5, beam_alpha=1.0, n_best=1, min_output_length=1, max_output_length=-1, return_prob='none', generate_unk=True, repetition_penalty=-1, no_repeat_ngram_size=-1)
2024-05-19 14:46:20,103 - INFO - joeynmt.prediction - Generation took 129.9335[sec]. (No references given)
2024-05-19 14:50:08,063 - INFO - root - Hello! This is Joey-NMT (version 2.2.0).
2024-05-19 14:50:08,264 - INFO - joeynmt.model - Building an encoder-decoder model...
2024-05-19 14:50:08,578 - INFO - joeynmt.model - Enc-dec model built.
2024-05-19 14:50:08,844 - INFO - joeynmt.helpers - Load model from /mnt/c/Users/Yuliia/Desktop/Y3S6/machine_translation/mt-2024-ex05/mt-exercise-5/models/transformer_word/best.ckpt.
2024-05-19 14:50:08,869 - INFO - joeynmt.tokenizers - nl tokenizer: BasicTokenizer(level=word, lowercase=False, normalize=False, filter_by_length=(-1, -1), pretokenizer=none)
2024-05-19 14:50:08,869 - INFO - joeynmt.tokenizers - en tokenizer: BasicTokenizer(level=word, lowercase=False, normalize=False, filter_by_length=(-1, -1), pretokenizer=none)
2024-05-19 14:50:08,885 - WARNING - joeynmt.helpers - `alpha` option is obsolete. Please use `beam_alpha`, instead.
2024-05-19 14:50:08,886 - INFO - joeynmt.prediction - Predicting 1777 example(s)... (Beam search with beam_size=5, beam_alpha=1.0, n_best=1, min_output_length=1, max_output_length=-1, return_prob='none', generate_unk=True, repetition_penalty=-1, no_repeat_ngram_size=-1)
2024-05-19 14:52:34,057 - INFO - joeynmt.prediction - Generation took 145.1437[sec]. (No references given)
2024-05-19 19:53:38,442 - INFO - root - Hello! This is Joey-NMT (version 2.2.0).
2024-05-19 19:53:38,569 - INFO - joeynmt.model - Building an encoder-decoder model...
2024-05-19 19:53:38,805 - INFO - joeynmt.model - Enc-dec model built.
2024-05-19 19:53:39,057 - INFO - joeynmt.helpers - Load model from /mnt/c/Users/Yuliia/Desktop/Y3S6/machine_translation/mt-2024-ex05/mt-exercise-5/models/transformer_word/best.ckpt.
2024-05-19 19:53:39,073 - INFO - joeynmt.tokenizers - nl tokenizer: BasicTokenizer(level=word, lowercase=False, normalize=False, filter_by_length=(-1, -1), pretokenizer=none)
2024-05-19 19:53:39,074 - INFO - joeynmt.tokenizers - en tokenizer: BasicTokenizer(level=word, lowercase=False, normalize=False, filter_by_length=(-1, -1), pretokenizer=none)
2024-05-19 19:53:39,083 - WARNING - joeynmt.helpers - `alpha` option is obsolete. Please use `beam_alpha`, instead.
2024-05-19 19:53:39,084 - INFO - joeynmt.prediction - Predicting 1777 example(s)... (Beam search with beam_size=5, beam_alpha=1.0, n_best=1, min_output_length=1, max_output_length=-1, return_prob='none', generate_unk=True, repetition_penalty=-1, no_repeat_ngram_size=-1)
2024-05-19 19:55:55,225 - INFO - joeynmt.prediction - Generation took 136.1138[sec]. (No references given)
